<?xml version="1.0" encoding="UTF-8"?>
<testsuites name="TSLOG01_Login" time="59.257" tests="6" failures="0" errors="0">
   <testsuite name="TSLOG01_Login" tests="6" failures="0" errors="0" time="59.257" skipped="0" timestamp="16-01-2025T13:25:55" hostname="Rafi Alexandro - RafiAlexandro" id="Test Suites/TSLOG01_Login">
      <properties>
         <property name="deviceName" value=""/>
         <property name="devicePlatform"/>
         <property name="logFolder" value="D:\\QUALITY ASSURANCE\\Portfolio\\OrangeHRMTesting\\Reports\\20250116_132549\\TSLOG01_Login\\20250116_132549"/>
         <property name="logFiles" value="D:\\QUALITY ASSURANCE\\Portfolio\\OrangeHRMTesting\\Reports\\20250116_132549\\TSLOG01_Login\\20250116_132549\\execution0.log"/>
         <property name="attachments" value=""/>
         <property name="hostName" value="Rafi Alexandro - RafiAlexandro"/>
         <property name="os" value="Windows 11 64bit"/>
         <property name="katalonVersion" value="10.0.1.223"/>
         <property name="browser" value="Chrome 131.0.0.0"/>
         <property name="hostAddress" value="192.168.1.23"/>
         <property name="sessionId" value="cc7d2c742d0bf51be39fc0aa557bbc63"/>
         <property name="seleniumVersion" value="4.22.0"/>
         <property name="proxyInformation" value="ProxyInformation { proxyOption=NO_PROXY, proxyServerType=HTTP, username=, password=********, proxyServerAddress=, proxyServerPort=0, executionList=&quot;&quot;, isApplyToDesiredCapabilities=true }"/>
         <property name="platform" value="Windows 11"/>
      </properties>
      <testcase name="Test Cases/TCLOG001_LoginSuccess" time="13.909" classname="Test Cases/TCLOG001_LoginSuccess" status="PASSED">
         <system-out><![CDATA[16-01-2025T13:25:55 - [TEST_CASE][PASSED] - Test Cases/TCLOG001_LoginSuccess: Test Cases/TCLOG001_LoginSuccess

16-01-2025T13:25:55 - [TEST_STEP][PASSED] - openBrowser(""): Browser is opened with url: ''

16-01-2025T13:25:56 - [MESSAGE][INFO] - Starting 'Chrome' driver

16-01-2025T13:25:56 - [MESSAGE][INFO] - Action delay is set to 0 milliseconds

16-01-2025T13:25:58 - [MESSAGE][PASSED] - Browser is opened with url: ''

16-01-2025T13:25:58 - [TEST_STEP][PASSED] - navigateToUrl("https://opensource-demo.orangehrmlive.com/web/index.php/auth/login"): Navigate to 'https://opensource-demo.orangehrmlive.com/web/index.php/auth/login' successfully

16-01-2025T13:26:02 - [MESSAGE][PASSED] - Navigate to 'https://opensource-demo.orangehrmlive.com/web/index.php/auth/login' successfully

16-01-2025T13:26:02 - [TEST_STEP][PASSED] - setText(findTestObject("Object Repository/Login/input_Username_username"), "Admin"): Text 'Admin' is set on object 'Object Repository/Login/input_Username_username'

16-01-2025T13:26:03 - [MESSAGE][PASSED] - Text 'Admin' is set on object 'Object Repository/Login/input_Username_username'

16-01-2025T13:26:03 - [TEST_STEP][PASSED] - setEncryptedText(findTestObject("Object Repository/Login/input_Password_password"), "hUKwJTbofgPU9eVlw/CnDQ=="): Text ****** has been set on object 'Object Repository/Login/input_Password_password'

16-01-2025T13:26:04 - [MESSAGE][PASSED] - Text ****** has been set on object 'Object Repository/Login/input_Password_password'

16-01-2025T13:26:04 - [TEST_STEP][PASSED] - click(findTestObject("Object Repository/Login/button_Login")): Object: 'Object Repository/Login/button_Login' is clicked on

16-01-2025T13:26:04 - [MESSAGE][PASSED] - Object: 'Object Repository/Login/button_Login' is clicked on

16-01-2025T13:26:04 - [TEST_STEP][PASSED] - verifyElementPresent(findTestObject("Object Repository/Login/h6_Dashboard"), 0): Object 'Object Repository/Login/h6_Dashboard' is present

16-01-2025T13:26:05 - [MESSAGE][WARNING] - Timeout '0' is invalid. Using default page load timeout: '30'

16-01-2025T13:26:08 - [MESSAGE][PASSED] - Object 'Object Repository/Login/h6_Dashboard' is present

16-01-2025T13:26:08 - [TEST_STEP][PASSED] - closeBrowser(): Browser is closed

16-01-2025T13:26:09 - [MESSAGE][PASSED] - Browser is closed]]></system-out>
         <system-err><![CDATA[]]></system-err>
      </testcase>
      <testcase name="Test Cases/TCLOG002_LoginEmpty" time="8.213" classname="Test Cases/TCLOG002_LoginEmpty" status="PASSED">
         <system-out><![CDATA[16-01-2025T13:26:09 - [TEST_CASE][PASSED] - Test Cases/TCLOG002_LoginEmpty: Test Cases/TCLOG002_LoginEmpty

16-01-2025T13:26:09 - [TEST_STEP][PASSED] - openBrowser(""): Browser is opened with url: ''

16-01-2025T13:26:09 - [MESSAGE][INFO] - Starting 'Chrome' driver

16-01-2025T13:26:09 - [MESSAGE][INFO] - Action delay is set to 0 milliseconds

16-01-2025T13:26:10 - [MESSAGE][PASSED] - Browser is opened with url: ''

16-01-2025T13:26:10 - [TEST_STEP][PASSED] - navigateToUrl("https://opensource-demo.orangehrmlive.com/web/index.php/auth/login"): Navigate to 'https://opensource-demo.orangehrmlive.com/web/index.php/auth/login' successfully

16-01-2025T13:26:14 - [MESSAGE][PASSED] - Navigate to 'https://opensource-demo.orangehrmlive.com/web/index.php/auth/login' successfully

16-01-2025T13:26:14 - [TEST_STEP][PASSED] - click(findTestObject("Object Repository/Login/button_Login")): Object: 'Object Repository/Login/button_Login' is clicked on

16-01-2025T13:26:15 - [MESSAGE][PASSED] - Object: 'Object Repository/Login/button_Login' is clicked on

16-01-2025T13:26:15 - [TEST_STEP][PASSED] - verifyElementPresent(findTestObject("Login/input_Username_username_error"), 0): Object 'Object Repository/Login/input_Username_username_error' is present

16-01-2025T13:26:15 - [MESSAGE][WARNING] - Timeout '0' is invalid. Using default page load timeout: '30'

16-01-2025T13:26:16 - [MESSAGE][PASSED] - Object 'Object Repository/Login/input_Username_username_error' is present

16-01-2025T13:26:16 - [TEST_STEP][PASSED] - verifyElementPresent(findTestObject("Login/span_Required_username"), 0): Object 'Object Repository/Login/span_Required_username' is present

16-01-2025T13:26:16 - [MESSAGE][WARNING] - Timeout '0' is invalid. Using default page load timeout: '30'

16-01-2025T13:26:16 - [MESSAGE][PASSED] - Object 'Object Repository/Login/span_Required_username' is present

16-01-2025T13:26:16 - [TEST_STEP][PASSED] - verifyElementPresent(findTestObject("Login/input_Password_password_error"), 0): Object 'Object Repository/Login/input_Password_password_error' is present

16-01-2025T13:26:16 - [MESSAGE][WARNING] - Timeout '0' is invalid. Using default page load timeout: '30'

16-01-2025T13:26:16 - [MESSAGE][PASSED] - Object 'Object Repository/Login/input_Password_password_error' is present

16-01-2025T13:26:16 - [TEST_STEP][PASSED] - verifyElementPresent(findTestObject("Login/span_Required_password"), 0): Object 'Object Repository/Login/span_Required_password' is present

16-01-2025T13:26:16 - [MESSAGE][WARNING] - Timeout '0' is invalid. Using default page load timeout: '30'

16-01-2025T13:26:17 - [MESSAGE][PASSED] - Object 'Object Repository/Login/span_Required_password' is present

16-01-2025T13:26:17 - [TEST_STEP][PASSED] - closeBrowser(): Browser is closed

16-01-2025T13:26:17 - [MESSAGE][PASSED] - Browser is closed]]></system-out>
         <system-err><![CDATA[]]></system-err>
      </testcase>
      <testcase name="Test Cases/TCLOG003_LoginEmptyUsername" time="7.895" classname="Test Cases/TCLOG003_LoginEmptyUsername" status="PASSED">
         <system-out><![CDATA[16-01-2025T13:26:17 - [TEST_CASE][PASSED] - Test Cases/TCLOG003_LoginEmptyUsername: Test Cases/TCLOG003_LoginEmptyUsername

16-01-2025T13:26:17 - [TEST_STEP][PASSED] - openBrowser(""): Browser is opened with url: ''

16-01-2025T13:26:17 - [MESSAGE][INFO] - Starting 'Chrome' driver

16-01-2025T13:26:17 - [MESSAGE][INFO] - Action delay is set to 0 milliseconds

16-01-2025T13:26:18 - [MESSAGE][PASSED] - Browser is opened with url: ''

16-01-2025T13:26:18 - [TEST_STEP][PASSED] - navigateToUrl("https://opensource-demo.orangehrmlive.com/web/index.php/auth/login"): Navigate to 'https://opensource-demo.orangehrmlive.com/web/index.php/auth/login' successfully

16-01-2025T13:26:22 - [MESSAGE][PASSED] - Navigate to 'https://opensource-demo.orangehrmlive.com/web/index.php/auth/login' successfully

16-01-2025T13:26:22 - [TEST_STEP][PASSED] - setEncryptedText(findTestObject("Object Repository/Login/input_Password_password"), "hUKwJTbofgPU9eVlw/CnDQ=="): Text ****** has been set on object 'Object Repository/Login/input_Password_password'

16-01-2025T13:26:23 - [MESSAGE][PASSED] - Text ****** has been set on object 'Object Repository/Login/input_Password_password'

16-01-2025T13:26:23 - [TEST_STEP][PASSED] - click(findTestObject("Object Repository/Login/button_Login")): Object: 'Object Repository/Login/button_Login' is clicked on

16-01-2025T13:26:24 - [MESSAGE][PASSED] - Object: 'Object Repository/Login/button_Login' is clicked on

16-01-2025T13:26:24 - [TEST_STEP][PASSED] - verifyElementPresent(findTestObject("Login/input_Username_username_error"), 0): Object 'Object Repository/Login/input_Username_username_error' is present

16-01-2025T13:26:24 - [MESSAGE][WARNING] - Timeout '0' is invalid. Using default page load timeout: '30'

16-01-2025T13:26:24 - [MESSAGE][PASSED] - Object 'Object Repository/Login/input_Username_username_error' is present

16-01-2025T13:26:24 - [TEST_STEP][PASSED] - verifyElementPresent(findTestObject("Login/span_Required_username"), 0): Object 'Object Repository/Login/span_Required_username' is present

16-01-2025T13:26:24 - [MESSAGE][WARNING] - Timeout '0' is invalid. Using default page load timeout: '30'

16-01-2025T13:26:25 - [MESSAGE][PASSED] - Object 'Object Repository/Login/span_Required_username' is present

16-01-2025T13:26:25 - [TEST_STEP][PASSED] - closeBrowser(): Browser is closed

16-01-2025T13:26:25 - [MESSAGE][PASSED] - Browser is closed]]></system-out>
         <system-err><![CDATA[]]></system-err>
      </testcase>
      <testcase name="Test Cases/TCLOG004_LoginEmptyPassword" time="7.717" classname="Test Cases/TCLOG004_LoginEmptyPassword" status="PASSED">
         <system-out><![CDATA[16-01-2025T13:26:25 - [TEST_CASE][PASSED] - Test Cases/TCLOG004_LoginEmptyPassword: Test Cases/TCLOG004_LoginEmptyPassword

16-01-2025T13:26:25 - [TEST_STEP][PASSED] - openBrowser(""): Browser is opened with url: ''

16-01-2025T13:26:25 - [MESSAGE][INFO] - Starting 'Chrome' driver

16-01-2025T13:26:25 - [MESSAGE][INFO] - Action delay is set to 0 milliseconds

16-01-2025T13:26:26 - [MESSAGE][PASSED] - Browser is opened with url: ''

16-01-2025T13:26:26 - [TEST_STEP][PASSED] - navigateToUrl("https://opensource-demo.orangehrmlive.com/web/index.php/auth/login"): Navigate to 'https://opensource-demo.orangehrmlive.com/web/index.php/auth/login' successfully

16-01-2025T13:26:30 - [MESSAGE][PASSED] - Navigate to 'https://opensource-demo.orangehrmlive.com/web/index.php/auth/login' successfully

16-01-2025T13:26:30 - [TEST_STEP][PASSED] - setText(findTestObject("Object Repository/Login/input_Username_username"), "Admin"): Text 'Admin' is set on object 'Object Repository/Login/input_Username_username'

16-01-2025T13:26:31 - [MESSAGE][PASSED] - Text 'Admin' is set on object 'Object Repository/Login/input_Username_username'

16-01-2025T13:26:31 - [TEST_STEP][PASSED] - click(findTestObject("Object Repository/Login/button_Login")): Object: 'Object Repository/Login/button_Login' is clicked on

16-01-2025T13:26:32 - [MESSAGE][PASSED] - Object: 'Object Repository/Login/button_Login' is clicked on

16-01-2025T13:26:32 - [TEST_STEP][PASSED] - verifyElementPresent(findTestObject("Login/input_Password_password_error"), 0): Object 'Object Repository/Login/input_Password_password_error' is present

16-01-2025T13:26:32 - [MESSAGE][WARNING] - Timeout '0' is invalid. Using default page load timeout: '30'

16-01-2025T13:26:32 - [MESSAGE][PASSED] - Object 'Object Repository/Login/input_Password_password_error' is present

16-01-2025T13:26:32 - [TEST_STEP][PASSED] - verifyElementPresent(findTestObject("Login/span_Required_password"), 0): Object 'Object Repository/Login/span_Required_password' is present

16-01-2025T13:26:32 - [MESSAGE][WARNING] - Timeout '0' is invalid. Using default page load timeout: '30'

16-01-2025T13:26:32 - [MESSAGE][PASSED] - Object 'Object Repository/Login/span_Required_password' is present

16-01-2025T13:26:32 - [TEST_STEP][PASSED] - closeBrowser(): Browser is closed

16-01-2025T13:26:33 - [MESSAGE][PASSED] - Browser is closed]]></system-out>
         <system-err><![CDATA[]]></system-err>
      </testcase>
      <testcase name="Test Cases/TCLOG005_LoginInvalidUsername" time="9.212" classname="Test Cases/TCLOG005_LoginInvalidUsername" status="PASSED">
         <system-out><![CDATA[16-01-2025T13:26:33 - [TEST_CASE][PASSED] - Test Cases/TCLOG005_LoginInvalidUsername: Test Cases/TCLOG005_LoginInvalidUsername

16-01-2025T13:26:33 - [TEST_STEP][PASSED] - openBrowser(""): Browser is opened with url: ''

16-01-2025T13:26:33 - [MESSAGE][INFO] - Starting 'Chrome' driver

16-01-2025T13:26:33 - [MESSAGE][INFO] - Action delay is set to 0 milliseconds

16-01-2025T13:26:34 - [MESSAGE][PASSED] - Browser is opened with url: ''

16-01-2025T13:26:34 - [TEST_STEP][PASSED] - navigateToUrl("https://opensource-demo.orangehrmlive.com/web/index.php/auth/login"): Navigate to 'https://opensource-demo.orangehrmlive.com/web/index.php/auth/login' successfully

16-01-2025T13:26:37 - [MESSAGE][PASSED] - Navigate to 'https://opensource-demo.orangehrmlive.com/web/index.php/auth/login' successfully

16-01-2025T13:26:37 - [TEST_STEP][PASSED] - setText(findTestObject("Object Repository/Login/input_Username_username"), "123"): Text '123' is set on object 'Object Repository/Login/input_Username_username'

16-01-2025T13:26:39 - [MESSAGE][PASSED] - Text '123' is set on object 'Object Repository/Login/input_Username_username'

16-01-2025T13:26:39 - [TEST_STEP][PASSED] - setEncryptedText(findTestObject("Object Repository/Login/input_Password_password"), "hUKwJTbofgPU9eVlw/CnDQ=="): Text ****** has been set on object 'Object Repository/Login/input_Password_password'

16-01-2025T13:26:39 - [MESSAGE][PASSED] - Text ****** has been set on object 'Object Repository/Login/input_Password_password'

16-01-2025T13:26:39 - [TEST_STEP][PASSED] - click(findTestObject("Object Repository/Login/button_Login")): Object: 'Object Repository/Login/button_Login' is clicked on

16-01-2025T13:26:40 - [MESSAGE][PASSED] - Object: 'Object Repository/Login/button_Login' is clicked on

16-01-2025T13:26:40 - [TEST_STEP][PASSED] - verifyElementPresent(findTestObject("Login/p_Invalid credentials"), 0): Object 'Object Repository/Login/p_Invalid credentials' is present

16-01-2025T13:26:40 - [MESSAGE][WARNING] - Timeout '0' is invalid. Using default page load timeout: '30'

16-01-2025T13:26:42 - [MESSAGE][PASSED] - Object 'Object Repository/Login/p_Invalid credentials' is present

16-01-2025T13:26:42 - [TEST_STEP][PASSED] - closeBrowser(): Browser is closed

16-01-2025T13:26:42 - [MESSAGE][PASSED] - Browser is closed]]></system-out>
         <system-err><![CDATA[]]></system-err>
      </testcase>
      <testcase name="Test Cases/TCLOG006_LoginInvalidPassword" time="11.988" classname="Test Cases/TCLOG006_LoginInvalidPassword" status="PASSED">
         <system-out><![CDATA[16-01-2025T13:26:42 - [TEST_CASE][PASSED] - Test Cases/TCLOG006_LoginInvalidPassword: Test Cases/TCLOG006_LoginInvalidPassword

16-01-2025T13:26:42 - [TEST_STEP][PASSED] - openBrowser(""): Browser is opened with url: ''

16-01-2025T13:26:42 - [MESSAGE][INFO] - Starting 'Chrome' driver

16-01-2025T13:26:42 - [MESSAGE][INFO] - Action delay is set to 0 milliseconds

16-01-2025T13:26:43 - [MESSAGE][PASSED] - Browser is opened with url: ''

16-01-2025T13:26:43 - [TEST_STEP][PASSED] - navigateToUrl("https://opensource-demo.orangehrmlive.com/web/index.php/auth/login"): Navigate to 'https://opensource-demo.orangehrmlive.com/web/index.php/auth/login' successfully

16-01-2025T13:26:48 - [MESSAGE][PASSED] - Navigate to 'https://opensource-demo.orangehrmlive.com/web/index.php/auth/login' successfully

16-01-2025T13:26:48 - [TEST_STEP][PASSED] - setText(findTestObject("Object Repository/Login/input_Username_username"), "Admin"): Text 'Admin' is set on object 'Object Repository/Login/input_Username_username'

16-01-2025T13:26:50 - [MESSAGE][PASSED] - Text 'Admin' is set on object 'Object Repository/Login/input_Username_username'

16-01-2025T13:26:50 - [TEST_STEP][PASSED] - setText(findTestObject("Object Repository/Login/input_Password_password"), "123"): Text '123' is set on object 'Object Repository/Login/input_Password_password'

16-01-2025T13:26:51 - [MESSAGE][PASSED] - Text '123' is set on object 'Object Repository/Login/input_Password_password'

16-01-2025T13:26:51 - [TEST_STEP][PASSED] - click(findTestObject("Object Repository/Login/button_Login")): Object: 'Object Repository/Login/button_Login' is clicked on

16-01-2025T13:26:53 - [MESSAGE][PASSED] - Object: 'Object Repository/Login/button_Login' is clicked on

16-01-2025T13:26:53 - [TEST_STEP][PASSED] - verifyElementPresent(findTestObject("Login/p_Invalid credentials"), 0): Object 'Object Repository/Login/p_Invalid credentials' is present

16-01-2025T13:26:53 - [MESSAGE][WARNING] - Timeout '0' is invalid. Using default page load timeout: '30'

16-01-2025T13:26:54 - [MESSAGE][PASSED] - Object 'Object Repository/Login/p_Invalid credentials' is present

16-01-2025T13:26:54 - [TEST_STEP][PASSED] - closeBrowser(): Browser is closed

16-01-2025T13:26:54 - [MESSAGE][PASSED] - Browser is closed]]></system-out>
         <system-err><![CDATA[]]></system-err>
      </testcase>
      <system-out><![CDATA[16-01-2025T13:25:55 - [TEST_SUITE][PASSED] - TSLOG01_Login: Test Cases/TCLOG006_LoginInvalidPassword]]></system-out>
      <system-err><![CDATA[]]></system-err>
   </testsuite>
</testsuites>
